Release 13.2 - xst O.61xd (nt64)
Copyright (c) 1995-2011 Xilinx, Inc.  All rights reserved.
--> Parameter TMPDIR set to xst/projnav.tmp


Total REAL time to Xst completion: 0.00 secs
Total CPU time to Xst completion: 0.06 secs
 
--> Parameter xsthdpdir set to xst


Total REAL time to Xst completion: 0.00 secs
Total CPU time to Xst completion: 0.06 secs
 
--> Reading design: register_file.prj

TABLE OF CONTENTS
  1) Synthesis Options Summary
  2) HDL Compilation
  3) Design Hierarchy Analysis
  4) HDL Analysis
  5) HDL Synthesis
     5.1) HDL Synthesis Report
  6) Advanced HDL Synthesis
     6.1) Advanced HDL Synthesis Report
  7) Low Level Synthesis
  8) Partition Report
  9) Final Report
	9.1) Device utilization summary
	9.2) Partition Resource Summary
	9.3) TIMING REPORT


=========================================================================
*                      Synthesis Options Summary                        *
=========================================================================
---- Source Parameters
Input File Name                    : "register_file.prj"
Input Format                       : mixed
Ignore Synthesis Constraint File   : NO

---- Target Parameters
Output File Name                   : "register_file"
Output Format                      : NGC
Target Device                      : xc3s700a-4-fg484

---- Source Options
Top Module Name                    : register_file
Automatic FSM Extraction           : YES
FSM Encoding Algorithm             : Auto
Safe Implementation                : No
FSM Style                          : LUT
RAM Extraction                     : Yes
RAM Style                          : Auto
ROM Extraction                     : Yes
Mux Style                          : Auto
Decoder Extraction                 : YES
Priority Encoder Extraction        : Yes
Shift Register Extraction          : YES
Logical Shifter Extraction         : YES
XOR Collapsing                     : YES
ROM Style                          : Auto
Mux Extraction                     : Yes
Resource Sharing                   : YES
Asynchronous To Synchronous        : NO
Multiplier Style                   : Auto
Automatic Register Balancing       : No

---- Target Options
Add IO Buffers                     : YES
Global Maximum Fanout              : 500
Add Generic Clock Buffer(BUFG)     : 24
Register Duplication               : YES
Slice Packing                      : YES
Optimize Instantiated Primitives   : NO
Use Clock Enable                   : Yes
Use Synchronous Set                : Yes
Use Synchronous Reset              : Yes
Pack IO Registers into IOBs        : Auto
Equivalent register Removal        : YES

---- General Options
Optimization Goal                  : Speed
Optimization Effort                : 1
Keep Hierarchy                     : No
Netlist Hierarchy                  : As_Optimized
RTL Output                         : Yes
Global Optimization                : AllClockNets
Read Cores                         : YES
Write Timing Constraints           : NO
Cross Clock Analysis               : NO
Hierarchy Separator                : /
Bus Delimiter                      : <>
Case Specifier                     : Maintain
Slice Utilization Ratio            : 100
BRAM Utilization Ratio             : 100
Verilog 2001                       : YES
Auto BRAM Packing                  : NO
Slice Utilization Ratio Delta      : 5

=========================================================================


=========================================================================
*                          HDL Compilation                              *
=========================================================================
Compiling vhdl file "//tholos.itserv.scss.tcd.ie/ugrad/agnewl/Project-1-Datapath-Design-Part-A-2/reg16.vhd" in Library work.
Entity <reg16> compiled.
Entity <reg16> (Architecture <Behavioral>) compiled.
Compiling vhdl file "//tholos.itserv.scss.tcd.ie/ugrad/agnewl/Project-1-Datapath-Design-Part-A-2/decoder_3_to_8.vhd" in Library work.
Entity <decoder_3_to_8> compiled.
Entity <decoder_3_to_8> (Architecture <dataflow_1>) compiled.
Compiling vhdl file "//tholos.itserv.scss.tcd.ie/ugrad/agnewl/Project-1-Datapath-Design-Part-A-2/mux2_16bit.vhd" in Library work.
Entity <mux2_16bit> compiled.
Entity <mux2_16bit> (Architecture <Behavioral>) compiled.
Compiling vhdl file "//tholos.itserv.scss.tcd.ie/ugrad/agnewl/Project-1-Datapath-Design-Part-A-2/mux8_16bit.vhd" in Library work.
Entity <mux8_16bit> compiled.
Entity <mux8_16bit> (Architecture <Behavioral>) compiled.
Compiling vhdl file "//tholos.itserv.scss.tcd.ie/ugrad/agnewl/Project-1-Datapath-Design-Part-A-2/register_file.vhd" in Library work.
Entity <register_file> compiled.
Entity <register_file> (Architecture <Behavioral>) compiled.

=========================================================================
*                     Design Hierarchy Analysis                         *
=========================================================================
Analyzing hierarchy for entity <register_file> in library <work> (architecture <Behavioral>).

Analyzing hierarchy for entity <reg16> in library <work> (architecture <Behavioral>).

Analyzing hierarchy for entity <decoder_3_to_8> in library <work> (architecture <dataflow_1>).

Analyzing hierarchy for entity <mux2_16bit> in library <work> (architecture <Behavioral>).

Analyzing hierarchy for entity <mux8_16bit> in library <work> (architecture <Behavioral>).


=========================================================================
*                            HDL Analysis                               *
=========================================================================
Analyzing Entity <register_file> in library <work> (Architecture <Behavioral>).
Entity <register_file> analyzed. Unit <register_file> generated.

Analyzing Entity <reg16> in library <work> (Architecture <Behavioral>).
Entity <reg16> analyzed. Unit <reg16> generated.

Analyzing Entity <decoder_3_to_8> in library <work> (Architecture <dataflow_1>).
Entity <decoder_3_to_8> analyzed. Unit <decoder_3_to_8> generated.

Analyzing Entity <mux2_16bit> in library <work> (Architecture <Behavioral>).
Entity <mux2_16bit> analyzed. Unit <mux2_16bit> generated.

Analyzing Entity <mux8_16bit> in library <work> (Architecture <Behavioral>).
Entity <mux8_16bit> analyzed. Unit <mux8_16bit> generated.


=========================================================================
*                           HDL Synthesis                               *
=========================================================================

Performing bidirectional port resolution...

Synthesizing Unit <reg16>.
    Related source file is "//tholos.itserv.scss.tcd.ie/ugrad/agnewl/Project-1-Datapath-Design-Part-A-2/reg16.vhd".
    Found 16-bit register for signal <Q>.
    Summary:
	inferred  16 D-type flip-flop(s).
Unit <reg16> synthesized.


Synthesizing Unit <decoder_3_to_8>.
    Related source file is "//tholos.itserv.scss.tcd.ie/ugrad/agnewl/Project-1-Datapath-Design-Part-A-2/decoder_3_to_8.vhd".
Unit <decoder_3_to_8> synthesized.


Synthesizing Unit <mux2_16bit>.
    Related source file is "//tholos.itserv.scss.tcd.ie/ugrad/agnewl/Project-1-Datapath-Design-Part-A-2/mux2_16bit.vhd".
Unit <mux2_16bit> synthesized.


Synthesizing Unit <mux8_16bit>.
    Related source file is "//tholos.itserv.scss.tcd.ie/ugrad/agnewl/Project-1-Datapath-Design-Part-A-2/mux8_16bit.vhd".
Unit <mux8_16bit> synthesized.


Synthesizing Unit <register_file>.
    Related source file is "//tholos.itserv.scss.tcd.ie/ugrad/agnewl/Project-1-Datapath-Design-Part-A-2/register_file.vhd".
Unit <register_file> synthesized.


=========================================================================
HDL Synthesis Report

Macro Statistics
# Registers                                            : 8
 16-bit register                                       : 8

=========================================================================

=========================================================================
*                       Advanced HDL Synthesis                          *
=========================================================================


=========================================================================
Advanced HDL Synthesis Report

Macro Statistics
# Registers                                            : 128
 Flip-Flops                                            : 128

=========================================================================

=========================================================================
*                         Low Level Synthesis                           *
=========================================================================

Optimizing unit <register_file> ...

Mapping all equations...
Building and optimizing final netlist ...
Found area constraint ratio of 100 (+ 5) on block register_file, actual ratio is 1.

Final Macro Processing ...

=========================================================================
Final Register Report

Macro Statistics
# Registers                                            : 128
 Flip-Flops                                            : 128

=========================================================================

=========================================================================
*                           Partition Report                            *
=========================================================================

Partition Implementation Status
-------------------------------

  No Partitions were found in this design.

-------------------------------

=========================================================================
*                            Final Report                               *
=========================================================================
Final Results
RTL Top Level Output File Name     : register_file.ngr
Top Level Output File Name         : register_file
Output Format                      : NGC
Optimization Goal                  : Speed
Keep Hierarchy                     : No

Design Statistics
# IOs                              : 152

Cell Usage :
# BELS                             : 120
#      LUT3                        : 8
#      LUT4                        : 80
#      MUXF5                       : 32
# FlipFlops/Latches                : 128
#      FDE                         : 128
# Clock Buffers                    : 1
#      BUFGP                       : 1
# IO Buffers                       : 151
#      IBUF                        : 23
#      OBUF                        : 128
=========================================================================

Device utilization summary:
---------------------------

Selected Device : 3s700afg484-4 

 Number of Slices:                      106  out of   5888     1%  
 Number of Slice Flip Flops:            128  out of  11776     1%  
 Number of 4 input LUTs:                 88  out of  11776     0%  
 Number of IOs:                         152
 Number of bonded IOBs:                 152  out of    372    40%  
 Number of GCLKs:                         1  out of     24     4%  

---------------------------
Partition Resource Summary:
---------------------------

  No Partitions were found in this design.

---------------------------


=========================================================================
TIMING REPORT

NOTE: THESE TIMING NUMBERS ARE ONLY A SYNTHESIS ESTIMATE.
      FOR ACCURATE TIMING INFORMATION PLEASE REFER TO THE TRACE REPORT
      GENERATED AFTER PLACE-and-ROUTE.

Clock Information:
------------------
-----------------------------------+------------------------+-------+
Clock Signal                       | Clock buffer(FF name)  | Load  |
-----------------------------------+------------------------+-------+
Clk                                | BUFGP                  | 128   |
-----------------------------------+------------------------+-------+

Asynchronous Control Signals Information:
----------------------------------------
No asynchronous control signals found in this design

Timing Summary:
---------------
Speed Grade: -4

   Minimum period: 3.346ns (Maximum Frequency: 298.864MHz)
   Minimum input arrival time before clock: 4.540ns
   Maximum output required time after clock: 5.558ns
   Maximum combinational path delay: No path found

Timing Detail:
--------------
All values displayed in nanoseconds (ns)

=========================================================================
Timing constraint: Default period analysis for Clock 'Clk'
  Clock period: 3.346ns (frequency: 298.864MHz)
  Total number of paths / destination ports: 1024 / 128
-------------------------------------------------------------------------
Delay:               3.346ns (Levels of Logic = 3)
  Source:            reg04/Q_15 (FF)
  Destination:       reg07/Q_15 (FF)
  Source Clock:      Clk rising
  Destination Clock: Clk rising

  Data Path: reg04/Q_15 to reg07/Q_15
                                Gate     Net
    Cell:in->out      fanout   Delay   Delay  Logical Name (Net Name)
    ----------------------------------------  ------------
     FDE:C->Q              2   0.591   0.479  reg04/Q_15 (reg04/Q_15)
     LUT4:I2->O            1   0.648   0.000  data_src_mux2_16bit/z<15>44_F (N34)
     MUXF5:I0->O           1   0.276   0.452  data_src_mux2_16bit/z<15>44 (data_src_mux2_16bit/z<15>44)
     LUT4:I2->O            8   0.648   0.000  data_src_mux2_16bit/z<15>141 (data_src_mux_out<15>)
     FDE:D                     0.252          reg07/Q_15
    ----------------------------------------
    Total                      3.346ns (2.415ns logic, 0.931ns route)
                                       (72.2% logic, 27.8% route)

=========================================================================
Timing constraint: Default OFFSET IN BEFORE for Clock 'Clk'
  Total number of paths / destination ports: 1920 / 256
-------------------------------------------------------------------------
Offset:              4.540ns (Levels of Logic = 4)
  Source:            src_s0 (PAD)
  Destination:       reg07/Q_15 (FF)
  Destination Clock: Clk rising

  Data Path: src_s0 to reg07/Q_15
                                Gate     Net
    Cell:in->out      fanout   Delay   Delay  Logical Name (Net Name)
    ----------------------------------------  ------------
     IBUF:I->O            64   0.849   1.415  src_s0_IBUF (src_s0_IBUF)
     LUT4:I0->O            1   0.648   0.000  data_src_mux2_16bit/z<9>44_F (N16)
     MUXF5:I0->O           1   0.276   0.452  data_src_mux2_16bit/z<9>44 (data_src_mux2_16bit/z<9>44)
     LUT4:I2->O            8   0.648   0.000  data_src_mux2_16bit/z<9>141 (data_src_mux_out<9>)
     FDE:D                     0.252          reg07/Q_9
    ----------------------------------------
    Total                      4.540ns (2.673ns logic, 1.867ns route)
                                       (58.9% logic, 41.1% route)

=========================================================================
Timing constraint: Default OFFSET OUT AFTER for Clock 'Clk'
  Total number of paths / destination ports: 128 / 128
-------------------------------------------------------------------------
Offset:              5.558ns (Levels of Logic = 1)
  Source:            reg00/Q_15 (FF)
  Destination:       reg0<15> (PAD)
  Source Clock:      Clk rising

  Data Path: reg00/Q_15 to reg0<15>
                                Gate     Net
    Cell:in->out      fanout   Delay   Delay  Logical Name (Net Name)
    ----------------------------------------  ------------
     FDE:C->Q              2   0.591   0.447  reg00/Q_15 (reg00/Q_15)
     OBUF:I->O                 4.520          reg0_15_OBUF (reg0<15>)
    ----------------------------------------
    Total                      5.558ns (5.111ns logic, 0.447ns route)
                                       (92.0% logic, 8.0% route)

=========================================================================


Total REAL time to Xst completion: 4.00 secs
Total CPU time to Xst completion: 4.49 secs
 
--> 

Total memory usage is 243548 kilobytes

Number of errors   :    0 (   0 filtered)
Number of warnings :    0 (   0 filtered)
Number of infos    :    0 (   0 filtered)

